{"C:\\Users\\Administrator\\Desktop\\UI\\React\\todoapp\\src\\App.js": {"path":"C:\\Users\\Administrator\\Desktop\\UI\\React\\todoapp\\src\\App.js","statementMap":{"0":{"start":{"line":9,"column":27},"end":{"line":13,"column":4}},"1":{"start":{"line":15,"column":26},"end":{"line":15,"column":80}},"2":{"start":{"line":15,"column":48},"end":{"line":15,"column":72}},"3":{"start":{"line":16,"column":22},"end":{"line":16,"column":34}},"4":{"start":{"line":17,"column":2},"end":{"line":26,"column":4}}},"fnMap":{"0":{"name":"App","decl":{"start":{"line":8,"column":9},"end":{"line":8,"column":12}},"loc":{"start":{"line":8,"column":15},"end":{"line":27,"column":1}},"line":8},"1":{"name":"(anonymous_1)","decl":{"start":{"line":15,"column":39},"end":{"line":15,"column":40}},"loc":{"start":{"line":15,"column":48},"end":{"line":15,"column":72}},"line":15}},"branchMap":{},"s":{"0":2,"1":1,"2":3,"3":1,"4":1},"f":{"0":2,"1":3},"b":{},"_coverageSchema":"1a1c01bbd47fc00a2c39e90264f33305004495a9","hash":"aacad4f3af98c103815ec1d15c8a896d6db9128a"}
,"C:\\Users\\Administrator\\Desktop\\UI\\React\\todoapp\\src\\index.js": {"path":"C:\\Users\\Administrator\\Desktop\\UI\\React\\todoapp\\src\\index.js","statementMap":{"0":{"start":{"line":7,"column":13},"end":{"line":7,"column":65}},"1":{"start":{"line":8,"column":0},"end":{"line":12,"column":2}},"2":{"start":{"line":17,"column":0},"end":{"line":17,"column":18}}},"fnMap":{},"branchMap":{},"s":{"0":0,"1":0,"2":0},"f":{},"b":{}}
,"C:\\Users\\Administrator\\Desktop\\UI\\React\\todoapp\\src\\reportWebVitals.js": {"path":"C:\\Users\\Administrator\\Desktop\\UI\\React\\todoapp\\src\\reportWebVitals.js","statementMap":{"0":{"start":{"line":1,"column":24},"end":{"line":11,"column":1}},"1":{"start":{"line":2,"column":2},"end":{"line":10,"column":3}},"2":{"start":{"line":3,"column":4},"end":{"line":9,"column":7}},"3":{"start":{"line":4,"column":6},"end":{"line":4,"column":26}},"4":{"start":{"line":5,"column":6},"end":{"line":5,"column":26}},"5":{"start":{"line":6,"column":6},"end":{"line":6,"column":26}},"6":{"start":{"line":7,"column":6},"end":{"line":7,"column":26}},"7":{"start":{"line":8,"column":6},"end":{"line":8,"column":27}}},"fnMap":{"0":{"name":"(anonymous_0)","decl":{"start":{"line":1,"column":24},"end":{"line":1,"column":25}},"loc":{"start":{"line":1,"column":39},"end":{"line":11,"column":1}},"line":1},"1":{"name":"(anonymous_1)","decl":{"start":{"line":3,"column":30},"end":{"line":3,"column":31}},"loc":{"start":{"line":3,"column":79},"end":{"line":9,"column":5}},"line":3}},"branchMap":{"0":{"loc":{"start":{"line":2,"column":2},"end":{"line":10,"column":3}},"type":"if","locations":[{"start":{"line":2,"column":2},"end":{"line":10,"column":3}},{"start":{},"end":{}}],"line":2},"1":{"loc":{"start":{"line":2,"column":6},"end":{"line":2,"column":52}},"type":"binary-expr","locations":[{"start":{"line":2,"column":6},"end":{"line":2,"column":17}},{"start":{"line":2,"column":21},"end":{"line":2,"column":52}}],"line":2}},"s":{"0":0,"1":0,"2":0,"3":0,"4":0,"5":0,"6":0,"7":0},"f":{"0":0,"1":0},"b":{"0":[0,0],"1":[0,0]}}
,"C:\\Users\\Administrator\\Desktop\\UI\\React\\todoapp\\src\\components\\Form.js": {"path":"C:\\Users\\Administrator\\Desktop\\UI\\React\\todoapp\\src\\components\\Form.js","statementMap":{"0":{"start":{"line":2,"column":25},"end":{"line":10,"column":5}},"1":{"start":{"line":3,"column":8},"end":{"line":3,"column":31}},"2":{"start":{"line":4,"column":22},"end":{"line":4,"column":45}},"3":{"start":{"line":5,"column":8},"end":{"line":8,"column":10}},"4":{"start":{"line":5,"column":30},"end":{"line":8,"column":9}},"5":{"start":{"line":9,"column":8},"end":{"line":9,"column":29}},"6":{"start":{"line":11,"column":4},"end":{"line":23,"column":5}}},"fnMap":{"0":{"name":"Form","decl":{"start":{"line":1,"column":9},"end":{"line":1,"column":13}},"loc":{"start":{"line":1,"column":25},"end":{"line":24,"column":1}},"line":1},"1":{"name":"(anonymous_1)","decl":{"start":{"line":2,"column":25},"end":{"line":2,"column":26}},"loc":{"start":{"line":2,"column":35},"end":{"line":10,"column":5}},"line":2},"2":{"name":"(anonymous_2)","decl":{"start":{"line":5,"column":17},"end":{"line":5,"column":18}},"loc":{"start":{"line":5,"column":30},"end":{"line":8,"column":9}},"line":5}},"branchMap":{},"s":{"0":1,"1":0,"2":0,"3":0,"4":0,"5":0,"6":1},"f":{"0":1,"1":0,"2":0},"b":{},"_coverageSchema":"1a1c01bbd47fc00a2c39e90264f33305004495a9","hash":"c0c1b9930f2b56a2df7a665edd1ba1bfe715f631"}
,"C:\\Users\\Administrator\\Desktop\\UI\\React\\todoapp\\src\\components\\Header.js": {"path":"C:\\Users\\Administrator\\Desktop\\UI\\React\\todoapp\\src\\components\\Header.js","statementMap":{"0":{"start":{"line":3,"column":4},"end":{"line":5,"column":1}}},"fnMap":{"0":{"name":"Header","decl":{"start":{"line":1,"column":9},"end":{"line":1,"column":15}},"loc":{"start":{"line":2,"column":0},"end":{"line":6,"column":1}},"line":2}},"branchMap":{},"s":{"0":1},"f":{"0":1},"b":{},"_coverageSchema":"1a1c01bbd47fc00a2c39e90264f33305004495a9","hash":"64a806ee1d46f26ab95c272a19b72a7b042db017"}
,"C:\\Users\\Administrator\\Desktop\\UI\\React\\todoapp\\src\\components\\Item.js": {"path":"C:\\Users\\Administrator\\Desktop\\UI\\React\\todoapp\\src\\components\\Item.js","statementMap":{"0":{"start":{"line":4,"column":4},"end":{"line":4,"column":24}}},"fnMap":{"0":{"name":"Item","decl":{"start":{"line":3,"column":9},"end":{"line":3,"column":13}},"loc":{"start":{"line":3,"column":15},"end":{"line":5,"column":1}},"line":3}},"branchMap":{},"s":{"0":0},"f":{"0":0},"b":{}}
,"C:\\Users\\Administrator\\Desktop\\UI\\React\\todoapp\\src\\components\\todohero.js": {"path":"C:\\Users\\Administrator\\Desktop\\UI\\React\\todoapp\\src\\components\\todohero.js","statementMap":{"0":{"start":{"line":2,"column":4},"end":{"line":13,"column":5}}},"fnMap":{"0":{"name":"TODOHero","decl":{"start":{"line":1,"column":9},"end":{"line":1,"column":17}},"loc":{"start":{"line":1,"column":48},"end":{"line":14,"column":1}},"line":1}},"branchMap":{},"s":{"0":16},"f":{"0":16},"b":{},"_coverageSchema":"1a1c01bbd47fc00a2c39e90264f33305004495a9","hash":"ca377301a0c7fdecea5bb204430dc3b47879a91e"}
,"C:\\Users\\Administrator\\Desktop\\UI\\React\\todoapp\\src\\components\\todolist.js": {"path":"C:\\Users\\Administrator\\Desktop\\UI\\React\\todoapp\\src\\components\\todolist.js","statementMap":{"0":{"start":{"line":3,"column":4},"end":{"line":8,"column":5}},"1":{"start":{"line":5,"column":63},"end":{"line":5,"column":114}},"2":{"start":{"line":13,"column":33},"end":{"line":13,"column":54}},"3":{"start":{"line":14,"column":21},"end":{"line":14,"column":39}},"4":{"start":{"line":15,"column":24},"end":{"line":17,"column":5}},"5":{"start":{"line":16,"column":8},"end":{"line":16,"column":24}},"6":{"start":{"line":19,"column":28},"end":{"line":21,"column":5}},"7":{"start":{"line":20,"column":8},"end":{"line":20,"column":25}},"8":{"start":{"line":23,"column":25},"end":{"line":26,"column":5}},"9":{"start":{"line":24,"column":8},"end":{"line":24,"column":31}},"10":{"start":{"line":25,"column":8},"end":{"line":25,"column":25}},"11":{"start":{"line":28,"column":4},"end":{"line":36,"column":16}},"12":{"start":{"line":29,"column":8},"end":{"line":35,"column":9}},"13":{"start":{"line":30,"column":12},"end":{"line":30,"column":37}},"14":{"start":{"line":31,"column":12},"end":{"line":34,"column":13}},"15":{"start":{"line":38,"column":30},"end":{"line":40,"column":5}},"16":{"start":{"line":39,"column":8},"end":{"line":39,"column":109}},"17":{"start":{"line":39,"column":31},"end":{"line":39,"column":108}},"18":{"start":{"line":39,"column":53},"end":{"line":39,"column":107}},"19":{"start":{"line":42,"column":25},"end":{"line":46,"column":5}},"20":{"start":{"line":43,"column":8},"end":{"line":45,"column":10}},"21":{"start":{"line":43,"column":31},"end":{"line":45,"column":9}},"22":{"start":{"line":43,"column":54},"end":{"line":44,"column":57}},"23":{"start":{"line":48,"column":25},"end":{"line":50,"column":5}},"24":{"start":{"line":49,"column":8},"end":{"line":49,"column":76}},"25":{"start":{"line":49,"column":30},"end":{"line":49,"column":75}},"26":{"start":{"line":49,"column":55},"end":{"line":49,"column":74}},"27":{"start":{"line":52,"column":4},"end":{"line":80,"column":5}}},"fnMap":{"0":{"name":"TODOList","decl":{"start":{"line":2,"column":9},"end":{"line":2,"column":17}},"loc":{"start":{"line":2,"column":35},"end":{"line":9,"column":1}},"line":2},"1":{"name":"(anonymous_1)","decl":{"start":{"line":5,"column":48},"end":{"line":5,"column":49}},"loc":{"start":{"line":5,"column":63},"end":{"line":5,"column":114}},"line":5},"2":{"name":"Item","decl":{"start":{"line":12,"column":9},"end":{"line":12,"column":13}},"loc":{"start":{"line":12,"column":30},"end":{"line":81,"column":1}},"line":12},"3":{"name":"(anonymous_3)","decl":{"start":{"line":15,"column":24},"end":{"line":15,"column":25}},"loc":{"start":{"line":15,"column":28},"end":{"line":17,"column":5}},"line":15},"4":{"name":"(anonymous_4)","decl":{"start":{"line":19,"column":28},"end":{"line":19,"column":29}},"loc":{"start":{"line":19,"column":34},"end":{"line":21,"column":5}},"line":19},"5":{"name":"(anonymous_5)","decl":{"start":{"line":23,"column":25},"end":{"line":23,"column":26}},"loc":{"start":{"line":23,"column":36},"end":{"line":26,"column":5}},"line":23},"6":{"name":"(anonymous_6)","decl":{"start":{"line":28,"column":20},"end":{"line":28,"column":21}},"loc":{"start":{"line":28,"column":24},"end":{"line":36,"column":5}},"line":28},"7":{"name":"(anonymous_7)","decl":{"start":{"line":38,"column":30},"end":{"line":38,"column":31}},"loc":{"start":{"line":38,"column":35},"end":{"line":40,"column":5}},"line":38},"8":{"name":"(anonymous_8)","decl":{"start":{"line":39,"column":17},"end":{"line":39,"column":18}},"loc":{"start":{"line":39,"column":31},"end":{"line":39,"column":108}},"line":39},"9":{"name":"(anonymous_9)","decl":{"start":{"line":39,"column":45},"end":{"line":39,"column":46}},"loc":{"start":{"line":39,"column":53},"end":{"line":39,"column":107}},"line":39},"10":{"name":"(anonymous_10)","decl":{"start":{"line":42,"column":25},"end":{"line":42,"column":26}},"loc":{"start":{"line":42,"column":30},"end":{"line":46,"column":5}},"line":42},"11":{"name":"(anonymous_11)","decl":{"start":{"line":43,"column":17},"end":{"line":43,"column":18}},"loc":{"start":{"line":43,"column":31},"end":{"line":45,"column":9}},"line":43},"12":{"name":"(anonymous_12)","decl":{"start":{"line":43,"column":45},"end":{"line":43,"column":46}},"loc":{"start":{"line":43,"column":54},"end":{"line":44,"column":57}},"line":43},"13":{"name":"(anonymous_13)","decl":{"start":{"line":48,"column":25},"end":{"line":48,"column":26}},"loc":{"start":{"line":48,"column":31},"end":{"line":50,"column":5}},"line":48},"14":{"name":"(anonymous_14)","decl":{"start":{"line":49,"column":17},"end":{"line":49,"column":18}},"loc":{"start":{"line":49,"column":30},"end":{"line":49,"column":75}},"line":49},"15":{"name":"(anonymous_15)","decl":{"start":{"line":49,"column":47},"end":{"line":49,"column":48}},"loc":{"start":{"line":49,"column":55},"end":{"line":49,"column":74}},"line":49}},"branchMap":{"0":{"loc":{"start":{"line":5,"column":12},"end":{"line":6,"column":46}},"type":"cond-expr","locations":[{"start":{"line":5,"column":37},"end":{"line":5,"column":115}},{"start":{"line":6,"column":13},"end":{"line":6,"column":45}}],"line":5},"1":{"loc":{"start":{"line":5,"column":12},"end":{"line":5,"column":35}},"type":"binary-expr","locations":[{"start":{"line":5,"column":12},"end":{"line":5,"column":17}},{"start":{"line":5,"column":21},"end":{"line":5,"column":35}}],"line":5},"2":{"loc":{"start":{"line":29,"column":8},"end":{"line":35,"column":9}},"type":"if","locations":[{"start":{"line":29,"column":8},"end":{"line":35,"column":9}},{"start":{},"end":{}}],"line":29},"3":{"loc":{"start":{"line":29,"column":11},"end":{"line":29,"column":36}},"type":"binary-expr","locations":[{"start":{"line":29,"column":11},"end":{"line":29,"column":18}},{"start":{"line":29,"column":20},"end":{"line":29,"column":36}}],"line":29},"4":{"loc":{"start":{"line":39,"column":53},"end":{"line":39,"column":107}},"type":"cond-expr","locations":[{"start":{"line":39,"column":71},"end":{"line":39,"column":102}},{"start":{"line":39,"column":103},"end":{"line":39,"column":107}}],"line":39},"5":{"loc":{"start":{"line":43,"column":54},"end":{"line":44,"column":57}},"type":"cond-expr","locations":[{"start":{"line":43,"column":72},"end":{"line":44,"column":52}},{"start":{"line":44,"column":53},"end":{"line":44,"column":57}}],"line":43},"6":{"loc":{"start":{"line":54,"column":17},"end":{"line":77,"column":19}},"type":"cond-expr","locations":[{"start":{"line":55,"column":20},"end":{"line":63,"column":27}},{"start":{"line":66,"column":20},"end":{"line":77,"column":18}}],"line":54}},"s":{"0":16,"1":27,"2":27,"3":27,"4":27,"5":0,"6":27,"7":0,"8":27,"9":0,"10":0,"11":27,"12":27,"13":0,"14":0,"15":27,"16":0,"17":0,"18":0,"19":27,"20":2,"21":0,"22":0,"23":27,"24":0,"25":0,"26":0,"27":27},"f":{"0":16,"1":27,"2":27,"3":0,"4":0,"5":0,"6":27,"7":0,"8":0,"9":0,"10":2,"11":0,"12":0,"13":0,"14":0,"15":0},"b":{"0":[13,3],"1":[16,15],"2":[0,27],"3":[27,0],"4":[0,0],"5":[0,0],"6":[0,27]},"_coverageSchema":"1a1c01bbd47fc00a2c39e90264f33305004495a9","hash":"eb2410e30021c469018e39ae6287bdbc5546fcfb"}
}
