TN:
SF:src\App.js
FN:8,App
FN:15,(anonymous_1)
FNF:2
FNH:2
FNDA:2,App
FNDA:3,(anonymous_1)
DA:9,2
DA:15,3
DA:16,1
DA:17,1
LF:4
LH:4
BRF:0
BRH:0
end_of_record
TN:
SF:src\index.js
FNF:0
FNH:0
DA:7,0
DA:8,0
DA:17,0
LF:3
LH:0
BRF:0
BRH:0
end_of_record
TN:
SF:src\reportWebVitals.js
FN:1,(anonymous_0)
FN:3,(anonymous_1)
FNF:2
FNH:0
FNDA:0,(anonymous_0)
FNDA:0,(anonymous_1)
DA:1,0
DA:2,0
DA:3,0
DA:4,0
DA:5,0
DA:6,0
DA:7,0
DA:8,0
LF:8
LH:0
BRDA:2,0,0,0
BRDA:2,0,1,0
BRDA:2,1,0,0
BRDA:2,1,1,0
BRF:4
BRH:0
end_of_record
TN:
SF:src\components\Form.js
FN:1,Form
FN:2,(anonymous_1)
FN:5,(anonymous_2)
FNF:3
FNH:1
FNDA:1,Form
FNDA:0,(anonymous_1)
FNDA:0,(anonymous_2)
DA:2,1
DA:3,0
DA:4,0
DA:5,0
DA:9,0
DA:11,1
LF:6
LH:2
BRF:0
BRH:0
end_of_record
TN:
SF:src\components\Header.js
FN:1,Header
FNF:1
FNH:1
FNDA:1,Header
DA:3,1
LF:1
LH:1
BRF:0
BRH:0
end_of_record
TN:
SF:src\components\Item.js
FN:3,Item
FNF:1
FNH:0
FNDA:0,Item
DA:4,0
LF:1
LH:0
BRF:0
BRH:0
end_of_record
TN:
SF:src\components\todohero.js
FN:1,TODOHero
FNF:1
FNH:1
FNDA:16,TODOHero
DA:2,16
LF:1
LH:1
BRF:0
BRH:0
end_of_record
TN:
SF:src\components\todolist.js
FN:2,TODOList
FN:5,(anonymous_1)
FN:12,Item
FN:15,(anonymous_3)
FN:19,(anonymous_4)
FN:23,(anonymous_5)
FN:28,(anonymous_6)
FN:38,(anonymous_7)
FN:39,(anonymous_8)
FN:39,(anonymous_9)
FN:42,(anonymous_10)
FN:43,(anonymous_11)
FN:43,(anonymous_12)
FN:48,(anonymous_13)
FN:49,(anonymous_14)
FN:49,(anonymous_15)
FNF:16
FNH:5
FNDA:16,TODOList
FNDA:27,(anonymous_1)
FNDA:27,Item
FNDA:0,(anonymous_3)
FNDA:0,(anonymous_4)
FNDA:0,(anonymous_5)
FNDA:27,(anonymous_6)
FNDA:0,(anonymous_7)
FNDA:0,(anonymous_8)
FNDA:0,(anonymous_9)
FNDA:2,(anonymous_10)
FNDA:0,(anonymous_11)
FNDA:0,(anonymous_12)
FNDA:0,(anonymous_13)
FNDA:0,(anonymous_14)
FNDA:0,(anonymous_15)
DA:3,16
DA:5,27
DA:13,27
DA:14,27
DA:15,27
DA:16,0
DA:19,27
DA:20,0
DA:23,27
DA:24,0
DA:25,0
DA:28,27
DA:29,27
DA:30,0
DA:31,0
DA:38,27
DA:39,0
DA:42,27
DA:43,2
DA:48,27
DA:49,0
DA:52,27
LF:22
LH:14
BRDA:5,0,0,13
BRDA:5,0,1,3
BRDA:5,1,0,16
BRDA:5,1,1,15
BRDA:29,2,0,0
BRDA:29,2,1,27
BRDA:29,3,0,27
BRDA:29,3,1,0
BRDA:39,4,0,0
BRDA:39,4,1,0
BRDA:43,5,0,0
BRDA:43,5,1,0
BRDA:54,6,0,0
BRDA:54,6,1,27
BRF:14
BRH:7
end_of_record
